<?xml version="1.0" encoding="UTF-8"?>
<robot generator="Robot 6.1 (Python 3.11.4 on win32)" generated="20230802 20:52:04.727" rpa="false" schemaversion="4">
<suite id="s1" name="Panelscout Robotframework" source="F:\Github\panelscout_robotframework">
<suite id="s1-s1" name="Test Login Rf" source="F:\Github\panelscout_robotframework\test_login_rf.robot">
<test id="s1-s1-t1" name="Leangue Change" line="51">
<kw name="Open login page">
<kw name="Open Browser" library="SeleniumLibrary">
<arg>${LOGIN URL}</arg>
<arg>${BROWSER}</arg>
<doc>Opens a new browser instance to the optional ``url``.</doc>
<msg timestamp="20230802 20:52:04.852" level="INFO">Opening browser 'Chrome' to base url 'https://dareit.futbolkolektyw.pl/en/login?redirected=true'.</msg>
<status status="PASS" starttime="20230802 20:52:04.852" endtime="20230802 20:52:06.536"/>
</kw>
<status status="PASS" starttime="20230802 20:52:04.852" endtime="20230802 20:52:06.536"/>
</kw>
<kw name="Click Leangue button">
<kw name="Click Element" library="SeleniumLibrary">
<arg>${CHANGELEANGUE}</arg>
<doc>Click the element identified by ``locator``.</doc>
<msg timestamp="20230802 20:52:06.537" level="INFO">Clicking element 'xpath=*//*[@id="__next"]/form/div/div[2]/div/div'.</msg>
<status status="PASS" starttime="20230802 20:52:06.536" endtime="20230802 20:52:06.567"/>
</kw>
<status status="PASS" starttime="20230802 20:52:06.536" endtime="20230802 20:52:06.568"/>
</kw>
<kw name="Change To Polish">
<kw name="Click Element" library="SeleniumLibrary">
<arg>${POLISHLEANGUE}</arg>
<doc>Click the element identified by ``locator``.</doc>
<msg timestamp="20230802 20:52:06.568" level="INFO">Clicking element 'xpath=//*[@id='menu-']/div[3]/ul/li[1]'.</msg>
<status status="PASS" starttime="20230802 20:52:06.568" endtime="20230802 20:52:06.605"/>
</kw>
<status status="PASS" starttime="20230802 20:52:06.568" endtime="20230802 20:52:06.605"/>
</kw>
<kw name="Assert Polish">
<kw name="Wait Until Element Is Visible" library="SeleniumLibrary">
<arg>${ZALOGUJ}</arg>
<doc>Waits until the element ``locator`` is visible.</doc>
<msg timestamp="20230802 20:52:11.675" level="INFO" html="true">&lt;/td&gt;&lt;/tr&gt;&lt;tr&gt;&lt;td colspan="3"&gt;&lt;a href="selenium-screenshot-2.png"&gt;&lt;img src="selenium-screenshot-2.png" width="800px"&gt;&lt;/a&gt;</msg>
<msg timestamp="20230802 20:52:11.675" level="FAIL">Element 'xpath=//*[contains(text(),'zaloguj')]' not visible after 5 seconds.</msg>
<status status="FAIL" starttime="20230802 20:52:06.605" endtime="20230802 20:52:11.676"/>
</kw>
<status status="FAIL" starttime="20230802 20:52:06.605" endtime="20230802 20:52:11.676"/>
</kw>
<kw name="Close Browser" library="SeleniumLibrary" type="TEARDOWN">
<doc>Closes the current browser.</doc>
<status status="PASS" starttime="20230802 20:52:11.677" endtime="20230802 20:52:13.744"/>
</kw>
<status status="FAIL" starttime="20230802 20:52:04.852" endtime="20230802 20:52:13.744">Element 'xpath=//*[contains(text(),'zaloguj')]' not visible after 5 seconds.</status>
</test>
<doc>Suite description #automated tests for scout website</doc>
<status status="FAIL" starttime="20230802 20:52:04.740" endtime="20230802 20:52:13.745"/>
</suite>
<status status="FAIL" starttime="20230802 20:52:04.728" endtime="20230802 20:52:13.746"/>
</suite>
<statistics>
<total>
<stat pass="0" fail="1" skip="0">All Tests</stat>
</total>
<tag>
</tag>
<suite>
<stat pass="0" fail="1" skip="0" id="s1" name="Panelscout Robotframework">Panelscout Robotframework</stat>
<stat pass="0" fail="1" skip="0" id="s1-s1" name="Test Login Rf">Panelscout Robotframework.Test Login Rf</stat>
</suite>
</statistics>
<errors>
<msg timestamp="20230802 20:52:04.740" level="ERROR">Error in file 'F:\Github\panelscout_robotframework\test_login_rf.robot' on line 96: Creating keyword 'Setup system under test' failed: User keyword cannot be empty.</msg>
</errors>
</robot>
