<?xml version="1.0" encoding="UTF-8"?>
<robot generator="Robot 6.1 (Python 3.11.4 on win32)" generated="20230726 22:38:07.659" rpa="false" schemaversion="4">
<suite id="s1" name="Panelscout Robotframework" source="F:\Github\panelscout_robotframework">
<suite id="s1-s1" name="Test Login Rf" source="F:\Github\panelscout_robotframework\test_login_rf.robot">
<test id="s1-s1-t1" name="Leangue Change" line="51">
<kw name="Open login page">
<kw name="Open Browser" library="SeleniumLibrary">
<arg>${LOGIN URL}</arg>
<arg>${BROWSER}</arg>
<doc>Opens a new browser instance to the optional ``url``.</doc>
<msg timestamp="20230726 22:38:07.784" level="INFO">Opening browser 'Chrome' to base url 'https://scouts-test.futbolkolektyw.pl/en/login?redirected=true'.</msg>
<status status="PASS" starttime="20230726 22:38:07.784" endtime="20230726 22:38:10.615"/>
</kw>
<status status="PASS" starttime="20230726 22:38:07.784" endtime="20230726 22:38:10.615"/>
</kw>
<kw name="Click Leangue button">
<kw name="Click Element" library="SeleniumLibrary">
<arg>${CHANGELEANGUE}</arg>
<doc>Click the element identified by ``locator``.</doc>
<msg timestamp="20230726 22:38:10.616" level="INFO">Clicking element 'xpath=*//*[@id="__next"]/form/div/div[2]/div/div'.</msg>
<status status="PASS" starttime="20230726 22:38:10.615" endtime="20230726 22:38:10.647"/>
</kw>
<status status="PASS" starttime="20230726 22:38:10.615" endtime="20230726 22:38:10.647"/>
</kw>
<kw name="Change To Polish">
<kw name="Click Element" library="SeleniumLibrary">
<arg>${POLISHLEANGUE}</arg>
<doc>Click the element identified by ``locator``.</doc>
<msg timestamp="20230726 22:38:10.647" level="INFO">Clicking element 'xpath=//*[@id='menu-']/div[3]/ul/li[1]'.</msg>
<status status="PASS" starttime="20230726 22:38:10.647" endtime="20230726 22:38:10.684"/>
</kw>
<status status="PASS" starttime="20230726 22:38:10.647" endtime="20230726 22:38:10.684"/>
</kw>
<kw name="Assert Polish">
<kw name="Wait Until Element Is Visible" library="SeleniumLibrary">
<arg>${ZALOGUJ}</arg>
<doc>Waits until the element ``locator`` is visible.</doc>
<msg timestamp="20230726 22:38:15.749" level="INFO" html="true">&lt;/td&gt;&lt;/tr&gt;&lt;tr&gt;&lt;td colspan="3"&gt;&lt;a href="selenium-screenshot-1.png"&gt;&lt;img src="selenium-screenshot-1.png" width="800px"&gt;&lt;/a&gt;</msg>
<msg timestamp="20230726 22:38:15.749" level="FAIL">Element 'xpath=//*[contains(text(),'zaloguj')]' not visible after 5 seconds.</msg>
<status status="FAIL" starttime="20230726 22:38:10.684" endtime="20230726 22:38:15.750"/>
</kw>
<status status="FAIL" starttime="20230726 22:38:10.684" endtime="20230726 22:38:15.750"/>
</kw>
<kw name="Close Browser" library="SeleniumLibrary" type="TEARDOWN">
<doc>Closes the current browser.</doc>
<status status="PASS" starttime="20230726 22:38:15.750" endtime="20230726 22:38:17.801"/>
</kw>
<status status="FAIL" starttime="20230726 22:38:07.783" endtime="20230726 22:38:17.801">Element 'xpath=//*[contains(text(),'zaloguj')]' not visible after 5 seconds.</status>
</test>
<doc>Suite description #automated tests for scout website</doc>
<status status="FAIL" starttime="20230726 22:38:07.671" endtime="20230726 22:38:17.802"/>
</suite>
<status status="FAIL" starttime="20230726 22:38:07.659" endtime="20230726 22:38:17.803"/>
</suite>
<statistics>
<total>
<stat pass="0" fail="1" skip="0">All Tests</stat>
</total>
<tag>
</tag>
<suite>
<stat pass="0" fail="1" skip="0" id="s1" name="Panelscout Robotframework">Panelscout Robotframework</stat>
<stat pass="0" fail="1" skip="0" id="s1-s1" name="Test Login Rf">Panelscout Robotframework.Test Login Rf</stat>
</suite>
</statistics>
<errors>
<msg timestamp="20230726 22:38:07.671" level="ERROR">Error in file 'F:\Github\panelscout_robotframework\test_login_rf.robot' on line 95: Creating keyword 'Setup system under test' failed: User keyword cannot be empty.</msg>
</errors>
</robot>
